app/build/outputs/logs/manifest-merger-debug-report.txt
-- Merging decision tree log ---
manifest
ADDED from src\main\AndroidManifest.xml:2:1-385:12
	package
		ADDED from src\main\AndroidManifest.xml:3:5-38
		INJECTED from src\main\AndroidManifest.xml
		INJECTED from src\main\AndroidManifest.xml
	android:versionName
		ADDED from src\main\AndroidManifest.xml:5:5-30
		INJECTED from src\main\AndroidManifest.xml
		INJECTED from src\main\AndroidManifest.xml
	android:versionCode
		ADDED from src\main\AndroidManifest.xml:4:5-28
		INJECTED from src\main\AndroidManifest.xml
		INJECTED from src\main\AndroidManifest.xml
	xmlns:android
		ADDED from src\main\AndroidManifest.xml:2:11-69
uses-sdk
ADDED from src\main\AndroidManifest.xml:7:5-9:41
	android:targetSdkVersion
		ADDED from src\main\AndroidManifest.xml:9:9-38
		INJECTED from src\main\AndroidManifest.xml
		INJECTED from src\main\AndroidManifest.xml
	android:minSdkVersion
		ADDED from src\main\AndroidManifest.xml:8:9-35
		INJECTED from src\main\AndroidManifest.xml
		INJECTED from src\main\AndroidManifest.xml
uses-permission#android.permission.INTERNET
ADDED from src\main\AndroidManifest.xml:10:6-67
	android:name
		ADDED from src\main\AndroidManifest.xml:10:23-65
uses-permission#android.permission.SEND_SMS
ADDED from src\main\AndroidManifest.xml:11:5-66
	android:name
		ADDED from src\main\AndroidManifest.xml:11:22-64
uses-permission#android.permission.RECEIVE_SMS
ADDED from src\main\AndroidManifest.xml:13:5-69
	android:name
		ADDED from src\main\AndroidManifest.xml:13:22-67
application
ADDED from src\main\AndroidManifest.xml:15:5-383:19
	android:label
		ADDED from src\main\AndroidManifest.xml:18:9-41
	android:allowBackup
		ADDED from src\main\AndroidManifest.xml:16:9-35
	android:icon
		ADDED from src\main\AndroidManifest.xml:17:9-45
	android:theme
		ADDED from src\main\AndroidManifest.xml:19:9-40
activity#com.example.gettogether.MainActivity
ADDED from src\main\AndroidManifest.xml:20:9-29:20
	android:label
		ADDED from src\main\AndroidManifest.xml:22:13-45
	android:name
		ADDED from src\main\AndroidManifest.xml:21:13-64
intent-filter#android.intent.action.MAIN+android.intent.category.LAUNCHER
ADDED from src\main\AndroidManifest.xml:23:13-27:29
action#android.intent.action.MAIN
ADDED from src\main\AndroidManifest.xml:24:17-69
	android:name
		ADDED from src\main\AndroidManifest.xml:24:25-66
category#android.intent.category.LAUNCHER
ADDED from src\main\AndroidManifest.xml:26:17-77
	android:name
		ADDED from src\main\AndroidManifest.xml:26:27-74
activity#com.example.gettogether.HomeActivity
ADDED from src\main\AndroidManifest.xml:31:2-48:15
	android:label
		ADDED from src\main\AndroidManifest.xml:33:13-53
	android:name
		ADDED from src\main\AndroidManifest.xml:32:13-41
intent-filter#android.intent.category.DEFAULT+com.example.gettogether.HomeActivity
ADDED from src\main\AndroidManifest.xml:35:2-46:23
action#com.example.gettogether.HomeActivity
ADDED from src\main\AndroidManifest.xml:39:2-64
	android:name
		ADDED from src\main\AndroidManifest.xml:39:10-61
category#android.intent.category.DEFAULT
ADDED from src\main\AndroidManifest.xml:42:7-66
	android:name
		ADDED from src\main\AndroidManifest.xml:42:17-63
activity#com.example.gettogether.SearchPlacesActivity
ADDED from src\main\AndroidManifest.xml:52:3-77:14
	android:label
		ADDED from src\main\AndroidManifest.xml:54:13-61
	android:name
		ADDED from src\main\AndroidManifest.xml:53:13-49
intent-filter#android.intent.category.DEFAULT+com.example.gettogether.SearchPlacesActivity
ADDED from src\main\AndroidManifest.xml:59:5-72:22
action#com.example.gettogether.SearchPlacesActivity
ADDED from src\main\AndroidManifest.xml:63:3-73
	android:name
		ADDED from src\main\AndroidManifest.xml:63:11-70
activity#com.example.gettogether.FriendsActivity
ADDED from src\main\AndroidManifest.xml:81:2-104:14
	android:label
		ADDED from src\main\AndroidManifest.xml:83:13-56
	android:name
		ADDED from src\main\AndroidManifest.xml:82:13-44
intent-filter#android.intent.category.DEFAULT+com.example.gettogether.FriendsActivity
ADDED from src\main\AndroidManifest.xml:88:9-99:29
action#com.example.gettogether.FriendsActivity
ADDED from src\main\AndroidManifest.xml:93:4-69
	android:name
		ADDED from src\main\AndroidManifest.xml:93:12-66
activity#com.example.gettogether.FriendAddActivity
ADDED from src\main\AndroidManifest.xml:112:1-131:14
	android:label
		ADDED from src\main\AndroidManifest.xml:114:13-58
	android:name
		ADDED from src\main\AndroidManifest.xml:113:13-46
intent-filter#android.intent.category.DEFAULT+com.example.gettogether.FriendAddActivity
ADDED from src\main\AndroidManifest.xml:115:13-128:23
action#com.example.gettogether.FriendAddActivity
ADDED from src\main\AndroidManifest.xml:120:4-71
	android:name
		ADDED from src\main\AndroidManifest.xml:120:12-68
activity#com.example.gettogether.FriendDetailActivity
ADDED from src\main\AndroidManifest.xml:135:3-151:20
	android:label
		ADDED from src\main\AndroidManifest.xml:137:13-61
	android:name
		ADDED from src\main\AndroidManifest.xml:136:13-49
intent-filter#android.intent.category.DEFAULT+com.example.gettogether.FriendDetailActivity
ADDED from src\main\AndroidManifest.xml:141:10-150:29
action#com.example.gettogether.FriendDetailActivity
ADDED from src\main\AndroidManifest.xml:145:2-72
	android:name
		ADDED from src\main\AndroidManifest.xml:145:10-69
activity#com.example.gettogether.FriendUpdateActivity
ADDED from src\main\AndroidManifest.xml:157:2-189:20
	android:label
		ADDED from src\main\AndroidManifest.xml:159:13-61
	android:name
		ADDED from src\main\AndroidManifest.xml:158:13-49
intent-filter#android.intent.category.DEFAULT+com.example.gettogether.FriendUpdateActivity
ADDED from src\main\AndroidManifest.xml:168:9-188:22
action#com.example.gettogether.FriendUpdateActivity
ADDED from src\main\AndroidManifest.xml:176:3-73
	android:name
		ADDED from src\main\AndroidManifest.xml:176:11-70
activity#com.example.gettogether.GetTogethersActivity
ADDED from src\main\AndroidManifest.xml:194:7-213:20
	android:label
		ADDED from src\main\AndroidManifest.xml:196:13-61
	android:name
		ADDED from src\main\AndroidManifest.xml:195:13-49
intent-filter#android.intent.category.DEFAULT+com.example.gettogether.GetTogethersActivity
ADDED from src\main\AndroidManifest.xml:200:9-212:25
action#com.example.gettogether.GetTogethersActivity
ADDED from src\main\AndroidManifest.xml:204:3-73
	android:name
		ADDED from src\main\AndroidManifest.xml:204:11-70
activity#com.example.gettogether.GetTogetherAddActivity
ADDED from src\main\AndroidManifest.xml:217:1-237:20
	android:label
		ADDED from src\main\AndroidManifest.xml:219:13-63
	android:name
		ADDED from src\main\AndroidManifest.xml:218:13-51
intent-filter#android.intent.category.DEFAULT+com.example.gettogether.GetTogetherAddActivity
ADDED from src\main\AndroidManifest.xml:223:8-236:20
action#com.example.gettogether.GetTogetherAddActivity
ADDED from src\main\AndroidManifest.xml:227:3-75
	android:name
		ADDED from src\main\AndroidManifest.xml:227:11-72
activity#com.example.gettogether.GetTogetherDetailActivity
ADDED from src\main\AndroidManifest.xml:238:9-257:20
	android:label
		ADDED from src\main\AndroidManifest.xml:240:13-66
	android:name
		ADDED from src\main\AndroidManifest.xml:239:13-54
intent-filter#android.intent.category.DEFAULT+com.example.gettogether.GetTogetherDetailActivity
ADDED from src\main\AndroidManifest.xml:245:11-256:19
action#com.example.gettogether.GetTogetherDetailActivity
ADDED from src\main\AndroidManifest.xml:246:17-92
	android:name
		ADDED from src\main\AndroidManifest.xml:246:25-89
activity#com.example.gettogether.GetTogetherUpdateActivity
ADDED from src\main\AndroidManifest.xml:262:2-287:20
	android:label
		ADDED from src\main\AndroidManifest.xml:264:13-66
	android:name
		ADDED from src\main\AndroidManifest.xml:263:13-54
intent-filter#android.intent.category.DEFAULT+com.example.gettogether.GetTogetherUpdateActivity
ADDED from src\main\AndroidManifest.xml:269:9-286:20
action#com.example.gettogether.GetTogetherUpdateActivity
ADDED from src\main\AndroidManifest.xml:270:17-92
	android:name
		ADDED from src\main\AndroidManifest.xml:270:25-89
activity#com.example.gettogether.PlacesActivity
ADDED from src\main\AndroidManifest.xml:292:6-305:20
	android:label
		ADDED from src\main\AndroidManifest.xml:294:13-55
	android:name
		ADDED from src\main\AndroidManifest.xml:293:13-43
intent-filter#android.intent.category.DEFAULT+com.example.gettogether.PlacesActivity
ADDED from src\main\AndroidManifest.xml:298:3-304:29
action#com.example.gettogether.PlacesActivity
ADDED from src\main\AndroidManifest.xml:299:17-81
	android:name
		ADDED from src\main\AndroidManifest.xml:299:25-78
activity#com.example.gettogether.PlaceAddActivity
ADDED from src\main\AndroidManifest.xml:309:2-332:13
	android:label
		ADDED from src\main\AndroidManifest.xml:311:13-57
	android:name
		ADDED from src\main\AndroidManifest.xml:310:13-45
intent-filter#android.intent.category.DEFAULT+com.example.gettogether.PlaceAddActivity
ADDED from src\main\AndroidManifest.xml:315:9-328:19
action#com.example.gettogether.PlaceAddActivity
ADDED from src\main\AndroidManifest.xml:320:2-68
	android:name
		ADDED from src\main\AndroidManifest.xml:320:10-65
activity#com.example.gettogether.PlaceDetailActivity
ADDED from src\main\AndroidManifest.xml:336:2-356:20
	android:label
		ADDED from src\main\AndroidManifest.xml:338:13-60
	android:name
		ADDED from src\main\AndroidManifest.xml:337:13-48
intent-filter#android.intent.category.DEFAULT+com.example.gettogether.PlaceDetailActivity
ADDED from src\main\AndroidManifest.xml:342:9-355:18
action#com.example.gettogether.PlaceDetailActivity
ADDED from src\main\AndroidManifest.xml:347:6-75
	android:name
		ADDED from src\main\AndroidManifest.xml:347:14-72
activity#com.example.gettogether.PlaceUpdateActivity
ADDED from src\main\AndroidManifest.xml:361:2-382:19
	android:label
		ADDED from src\main\AndroidManifest.xml:363:13-60
	android:name
		ADDED from src\main\AndroidManifest.xml:362:13-48
intent-filter#android.intent.category.DEFAULT+com.example.gettogether.PlaceUpdateActivity
ADDED from src\main\AndroidManifest.xml:368:8-378:26
action#com.example.gettogether.PlaceUpdateActivity
ADDED from src\main\AndroidManifest.xml:369:17-86
	android:name
		ADDED from src\main\AndroidManifest.xml:369:25-83